mode: set
github.com/skjdfhkskjds/openpass/v2/store/local/password.go:37.44,41.16 2 1
github.com/skjdfhkskjds/openpass/v2/store/local/password.go:41.16,43.3 1 1
github.com/skjdfhkskjds/openpass/v2/store/local/password.go:46.2,47.54 2 1
github.com/skjdfhkskjds/openpass/v2/store/local/password.go:47.54,49.3 1 0
github.com/skjdfhkskjds/openpass/v2/store/local/password.go:52.2,54.8 1 1
github.com/skjdfhkskjds/openpass/v2/store/local/password.go:59.44,66.16 1 1
github.com/skjdfhkskjds/openpass/v2/store/local/password.go:66.16,68.3 1 1
github.com/skjdfhkskjds/openpass/v2/store/local/password.go:69.2,71.8 1 1
github.com/skjdfhkskjds/openpass/v2/store/local/password.go:76.47,83.16 1 1
github.com/skjdfhkskjds/openpass/v2/store/local/password.go:83.16,85.3 1 1
github.com/skjdfhkskjds/openpass/v2/store/local/password.go:86.2,88.8 1 1
github.com/skjdfhkskjds/openpass/v2/store/local/password.go:93.47,101.2 1 1
github.com/skjdfhkskjds/openpass/v2/store/local/store.go:39.39,41.16 2 0
github.com/skjdfhkskjds/openpass/v2/store/local/store.go:41.16,43.3 1 0
github.com/skjdfhkskjds/openpass/v2/store/local/store.go:45.2,45.24 1 0
github.com/skjdfhkskjds/openpass/v2/store/local/store.go:48.31,50.2 1 0
github.com/skjdfhkskjds/openpass/v2/store/local/user_data.go:37.44,41.16 2 1
github.com/skjdfhkskjds/openpass/v2/store/local/user_data.go:41.16,43.3 1 1
github.com/skjdfhkskjds/openpass/v2/store/local/user_data.go:46.2,47.50 2 1
github.com/skjdfhkskjds/openpass/v2/store/local/user_data.go:47.50,49.3 1 0
github.com/skjdfhkskjds/openpass/v2/store/local/user_data.go:52.2,54.8 1 1
github.com/skjdfhkskjds/openpass/v2/store/local/user_data.go:59.44,63.16 1 1
github.com/skjdfhkskjds/openpass/v2/store/local/user_data.go:63.16,65.3 1 1
github.com/skjdfhkskjds/openpass/v2/store/local/user_data.go:66.2,68.8 1 1
github.com/skjdfhkskjds/openpass/v2/store/local/db/db.go:48.41,50.16 2 1
github.com/skjdfhkskjds/openpass/v2/store/local/db/db.go:50.16,52.3 1 0
github.com/skjdfhkskjds/openpass/v2/store/local/db/db.go:53.2,53.26 1 1
github.com/skjdfhkskjds/openpass/v2/store/local/db/db.go:56.34,58.2 1 1
github.com/skjdfhkskjds/openpass/v2/store/local/db/db_access.go:40.53,42.57 2 1
github.com/skjdfhkskjds/openpass/v2/store/local/db/db_access.go:42.57,44.44 2 1
github.com/skjdfhkskjds/openpass/v2/store/local/db/db_access.go:44.44,46.4 1 1
github.com/skjdfhkskjds/openpass/v2/store/local/db/db_access.go:46.9,46.24 1 1
github.com/skjdfhkskjds/openpass/v2/store/local/db/db_access.go:46.24,48.4 1 1
github.com/skjdfhkskjds/openpass/v2/store/local/db/db_access.go:51.3,51.44 1 1
github.com/skjdfhkskjds/openpass/v2/store/local/db/db_access.go:51.44,54.4 2 1
github.com/skjdfhkskjds/openpass/v2/store/local/db/db_access.go:55.17,57.3 1 1
github.com/skjdfhkskjds/openpass/v2/store/local/db/db_access.go:58.2,58.18 1 1
github.com/skjdfhkskjds/openpass/v2/store/local/db/db_access.go:63.79,64.56 1 1
github.com/skjdfhkskjds/openpass/v2/store/local/db/db_access.go:64.56,67.17 2 1
github.com/skjdfhkskjds/openpass/v2/store/local/db/db_access.go:67.17,69.4 1 1
github.com/skjdfhkskjds/openpass/v2/store/local/db/db_access.go:69.9,69.52 1 1
github.com/skjdfhkskjds/openpass/v2/store/local/db/db_access.go:69.52,71.4 1 1
github.com/skjdfhkskjds/openpass/v2/store/local/db/db_access.go:73.3,75.17 3 1
github.com/skjdfhkskjds/openpass/v2/store/local/db/db_access.go:75.17,77.4 1 0
github.com/skjdfhkskjds/openpass/v2/store/local/db/db_access.go:79.3,80.17 2 1
github.com/skjdfhkskjds/openpass/v2/store/local/db/db_access.go:80.17,82.4 1 0
github.com/skjdfhkskjds/openpass/v2/store/local/db/db_access.go:83.3,84.13 2 1
github.com/skjdfhkskjds/openpass/v2/store/local/db/db_access.go:90.45,91.56 1 1
github.com/skjdfhkskjds/openpass/v2/store/local/db/db_access.go:91.56,93.3 1 1
github.com/skjdfhkskjds/openpass/v2/store/local/db/db_access.go:98.80,99.56 1 1
github.com/skjdfhkskjds/openpass/v2/store/local/db/db_access.go:99.56,101.44 2 1
github.com/skjdfhkskjds/openpass/v2/store/local/db/db_access.go:101.44,103.4 1 1
github.com/skjdfhkskjds/openpass/v2/store/local/db/db_access.go:103.9,103.24 1 1
github.com/skjdfhkskjds/openpass/v2/store/local/db/db_access.go:103.24,105.4 1 0
github.com/skjdfhkskjds/openpass/v2/store/local/db/db_access.go:107.3,108.17 2 1
github.com/skjdfhkskjds/openpass/v2/store/local/db/db_access.go:108.17,110.4 1 0
github.com/skjdfhkskjds/openpass/v2/store/local/db/db_access.go:112.3,113.17 2 1
github.com/skjdfhkskjds/openpass/v2/store/local/db/db_access.go:113.17,115.4 1 0
github.com/skjdfhkskjds/openpass/v2/store/local/db/db_access.go:116.3,116.13 1 1
github.com/skjdfhkskjds/openpass/v2/store/local/db/keys.go:39.56,43.2 1 0
github.com/skjdfhkskjds/openpass/v2/store/local/db/keys.go:46.51,50.2 1 0
